2025-06-20 22:31:18,833 - INFO: ============================================================
2025-06-20 22:31:18,834 - INFO: ПІДГОТОВКА ДАНИХ ДЛЯ ПРОГНОЗУВАННЯ
2025-06-20 22:31:18,834 - INFO: ============================================================
2025-06-20 22:31:18,834 - INFO: 1. Завантаження даних...
2025-06-20 22:31:18,935 - INFO: OK (70832 записів)
2025-06-20 22:31:18,935 - INFO: 2. Додавання часових ознак...
2025-06-20 22:31:19,511 - INFO: OK
2025-06-20 22:31:19,511 - INFO: 3. Розрахунок технічних індикаторів...
2025-06-20 22:31:20,541 - INFO: OK
2025-06-20 22:31:20,541 - INFO: 4. Додавання лагових ознак...
2025-06-20 22:31:20,583 - INFO: OK
2025-06-20 22:31:20,584 - INFO: 5. Розрахунок ковзних статистик...
2025-06-20 22:31:20,687 - INFO: OK
2025-06-20 22:31:20,687 - INFO: 6. Створення цільових змінних...
2025-06-20 22:31:20,749 - INFO: OK
2025-06-20 22:31:20,749 - INFO: 7. Валідація та очищення даних...
2025-06-20 22:31:20,750 - INFO: Розмір даних до очищення: (70832, 100)
2025-06-20 22:31:20,970 - INFO: Розмір даних після очищення: (70832, 100)
2025-06-20 22:31:21,239 - INFO: Виявлено 3555 викидів
2025-06-20 22:31:21,249 - INFO: 8. Видалення перших 50 рядків...
2025-06-20 22:31:21,268 - INFO: OK
2025-06-20 22:31:21,268 - INFO: 9. Збереження результатів...
2025-06-20 22:31:28,131 - INFO: Дані успішно збережено у файл: C:\Users\Oleksii\PycharmProjects\Druid\historic_data\csv\historic_data_eurusd_h1.csv
2025-06-20 22:31:28,132 - INFO: Кількість ознак: 94
2025-06-20 22:31:28,132 - INFO: Кількість записів: 70782
2025-06-20 22:31:28,135 - INFO: ============================================================
2025-06-20 22:31:28,135 - INFO: СТАТИСТИКА ПІДГОТОВЛЕНИХ ДАНИХ:
2025-06-20 22:31:28,135 - INFO: ============================================================
2025-06-20 22:31:28,136 - INFO: Загальна кількість ознак: 99
2025-06-20 22:31:28,136 - INFO: Записів після обробки: 70782
2025-06-20 22:31:28,137 - INFO: Період даних: 2014-01-28 01:00:00 - 2025-06-20 12:00:00
2025-06-20 22:31:28,137 - INFO: Перші 3 рядки технічних ознак:
2025-06-20 22:31:28,143 - INFO:       Open     High      Low    Close  ...  DayOfWeek  DayOfMonth  Month  Quarter
0  1.36741  1.36771  1.36659  1.36709  ...          1          28      1        1
1  1.36708  1.36740  1.36667  1.36692  ...          1          28      1        1
2  1.36694  1.36747  1.36690  1.36717  ...          1          28      1        1

[3 rows x 10 columns]
2025-06-20 22:31:28,162 - INFO: Останні 3 рядки:
2025-06-20 22:31:28,166 - INFO:           Open     High      Low  ...  DayOfMonth  Month  Quarter
70779  1.15162  1.15189  1.15095  ...          20      6        2
70780  1.15159  1.15261  1.15109  ...          20      6        2
70781  1.15219  1.15280  1.15190  ...          20      6        2

[3 rows x 10 columns]
2025-06-20 22:31:28,184 - INFO: ============================================================
2025-06-20 22:31:28,184 - INFO: ПІДГОТОВКА ДАНИХ ЗАВЕРШЕНА УСПІШНО!
2025-06-20 22:31:28,184 - INFO: ============================================================2025-06-20 22:42:48,129 - INFO: ============================================================
2025-06-20 22:42:48,129 - INFO: ПІДГОТОВКА ДАНИХ ДЛЯ ПРОГНОЗУВАННЯ
2025-06-20 22:42:48,129 - INFO: ============================================================
2025-06-20 22:42:48,129 - INFO: 1. Завантаження даних...
2025-06-20 22:42:48,227 - INFO: OK (70841 записів)
2025-06-20 22:42:48,227 - INFO: 2. Додавання часових ознак...
2025-06-20 22:42:48,806 - INFO: OK
2025-06-20 22:42:48,806 - INFO: 3. Розрахунок технічних індикаторів...
2025-06-20 22:42:49,821 - INFO: OK
2025-06-20 22:42:49,822 - INFO: 4. Додавання лагових ознак...
2025-06-20 22:42:49,864 - INFO: OK
2025-06-20 22:42:49,864 - INFO: 5. Розрахунок ковзних статистик...
2025-06-20 22:42:49,973 - INFO: OK
2025-06-20 22:42:49,973 - INFO: 6. Створення цільових змінних...
2025-06-20 22:42:50,035 - INFO: OK
2025-06-20 22:42:50,035 - INFO: 7. Валідація та очищення даних...
2025-06-20 22:42:50,035 - INFO: Розмір даних до очищення: (70841, 100)
2025-06-20 22:42:50,243 - INFO: Розмір даних після очищення: (70841, 100)
2025-06-20 22:42:50,514 - INFO: Виявлено 3557 викидів
2025-06-20 22:42:50,530 - INFO: 8. Видалення перших 50 рядків...
2025-06-20 22:42:50,550 - INFO: OK
2025-06-20 22:42:50,551 - INFO: 9. Збереження результатів...
2025-06-20 22:42:57,373 - INFO: Дані успішно збережено у файл: C:\Users\Oleksii\PycharmProjects\Druid\historic_data\csv\historic_data_eurusd_h1.csv
2025-06-20 22:42:57,373 - INFO: Кількість ознак: 94
2025-06-20 22:42:57,373 - INFO: Кількість записів: 70791
2025-06-20 22:42:57,377 - INFO: ============================================================
2025-06-20 22:42:57,377 - INFO: СТАТИСТИКА ПІДГОТОВЛЕНИХ ДАНИХ:
2025-06-20 22:42:57,377 - INFO: ============================================================
2025-06-20 22:42:57,377 - INFO: Загальна кількість ознак: 99
2025-06-20 22:42:57,377 - INFO: Записів після обробки: 70791
2025-06-20 22:42:57,378 - INFO: Період даних: 2014-01-28 01:00:00 - 2025-06-20 21:00:00
2025-06-20 22:42:57,378 - INFO: Перші 3 рядки технічних ознак:
2025-06-20 22:42:57,383 - INFO:       Open     High      Low    Close  ...  DayOfWeek  DayOfMonth  Month  Quarter
0  1.36741  1.36771  1.36659  1.36709  ...          1          28      1        1
1  1.36708  1.36740  1.36667  1.36692  ...          1          28      1        1
2  1.36694  1.36747  1.36690  1.36717  ...          1          28      1        1

[3 rows x 10 columns]
2025-06-20 22:42:57,399 - INFO: Останні 3 рядки:
2025-06-20 22:42:57,404 - INFO:           Open     High      Low  ...  DayOfMonth  Month  Quarter
70788  1.15191  1.15365  1.15188  ...          20      6        2
70789  1.15355  1.15434  1.15313  ...          20      6        2
70790  1.15318  1.15366  1.15267  ...          20      6        2

[3 rows x 10 columns]
2025-06-20 22:42:57,419 - INFO: ============================================================
2025-06-20 22:42:57,419 - INFO: ПІДГОТОВКА ДАНИХ ЗАВЕРШЕНА УСПІШНО!
2025-06-20 22:42:57,419 - INFO: ============================================================
