2025-06-20 10:05:19,784 - INFO: Завантаження даних
2025-06-20 10:05:25,080 - INFO: Розмір завантажених даних: (70791, 94)
2025-06-20 10:05:25,080 - INFO: Колонки: ['Close', 'Open', 'High', 'Low', 'Volume', 'ForexSession', 'Hour_sin', 'Hour_cos', 'DayOfWeek_sin', 'DayOfWeek_cos', 'Month_sin', 'Month_cos', 'SMA_5', 'SMA_10', 'SMA_20', 'SMA_50', 'EMA_12', 'EMA_26', 'MACD', 'MACD_Signal', 'MACD_Histogram', 'BB_Upper', 'BB_Lower', 'BB_Width', 'BB_Position', 'ATR', 'Volatility', 'RSI', 'Stoch_K', 'Stoch_D', 'CCI', 'Williams_R', 'ROC', 'Momentum', 'PROC', 'Volume_ROC', 'Volume_MA', 'Volume_Ratio', 'Returns_1', 'Returns_5', 'Returns_10', 'HL_Spread', 'OC_Spread', 'Price_Position', 'Gap', 'Support', 'Resistance', 'Support_Distance', 'Resistance_Distance', 'Close_lag_1', 'Returns_lag_1', 'Volume_lag_1', 'Close_lag_2', 'Returns_lag_2', 'Volume_lag_2', 'Close_lag_3', 'Returns_lag_3', 'Volume_lag_3', 'Close_lag_5', 'Returns_lag_5', 'Volume_lag_5', 'Close_lag_10', 'Returns_lag_10', 'Volume_lag_10', 'Returns_mean_5', 'Returns_std_5', 'Returns_skew_5', 'Returns_kurt_5', 'Volume_mean_5', 'Volume_std_5', 'High_max_5', 'Low_min_5', 'Returns_mean_10', 'Returns_std_10', 'Returns_skew_10', 'Returns_kurt_10', 'Volume_mean_10', 'Volume_std_10', 'High_max_10', 'Low_min_10', 'Returns_mean_20', 'Returns_std_20', 'Returns_skew_20', 'Returns_kurt_20', 'Volume_mean_20', 'Volume_std_20', 'High_max_20', 'Low_min_20', 'Target_1h', 'Target_4h', 'Target_24h', 'Direction_1h', 'Direction_4h', 'High_Volatility']
2025-06-20 10:05:25,082 - INFO: Початок повного навчання моделі
2025-06-20 10:05:25,171 - INFO: Розмір даних: (70791, 89)
2025-06-20 10:05:25,171 - INFO: Кількість ознак: 89
2025-06-20 10:05:25,195 - INFO: Скейлери збережено. Кількість ознак: 89
2025-06-20 10:05:25,202 - INFO: Розмір масштабованих даних: (70791, 89)
2025-06-20 10:05:25,209 - INFO: Початок повного навчання
2025-06-20 10:05:25,320 - INFO: Розмір X: (56621, 10, 89), Розмір Y: (56621,)
2025-06-20 10:05:25,350 - INFO: Розмір X: (14148, 10, 89), Розмір Y: (14148,)
2025-06-20 10:05:25,351 - INFO: Перед reshape: trainX.shape=(56621, 10, 89)
2025-06-20 10:05:25,351 - INFO: Очікуваний розмір: (56621, 10, 89)
2025-06-20 10:05:25,351 - INFO: Після reshape: trainX.shape=(56621, 10, 89), testX.shape=(14148, 10, 89)
2025-06-20 10:05:25,351 - INFO: Створення моделі з input_shape: (10, 89)
2025-06-20 10:07:28,792 - INFO: RMSE: 0.002661
2025-06-20 10:07:28,792 - INFO: MAE: 0.002270
2025-06-20 10:07:28,792 - INFO: MAPE: 0.209574%
2025-06-20 10:07:28,792 - INFO: R²: 0.988886
2025-06-20 10:07:28,793 - INFO: Час виконання: 2.15 хв
2025-06-20 10:07:48,099 - INFO: Початок прогнозування
2025-06-20 10:07:54,295 - INFO: Модель завантажено
2025-06-20 10:08:03,205 - INFO: RMSE: 0.002046
2025-06-20 10:08:03,205 - INFO: MAE: 0.001504
2025-06-20 10:08:03,205 - INFO: MAPE: 0.138670%
2025-06-20 10:08:03,205 - INFO: R²: 0.993430
2025-06-20 10:08:03,205 - INFO: Test Predictions (Last): [1.1511093]
2025-06-20 10:08:03,206 - INFO: Actual Values (Last): [1.15163]
2025-06-20 10:08:03,557 - INFO: Час виконання: 0.26 хв
