2025-01-16 10:31:14,829 - INFO: Модель почала навчатися
2025-01-16 10:54:27,298 - INFO: RMSE: 0.001168
2025-01-16 10:54:27,298 - INFO: MAE: 0.000775
2025-01-16 10:54:27,298 - INFO: MAPE: 0.072787%
2025-01-16 10:54:27,298 - INFO: Test Predictions (Last 5): [1.03098453 1.03028646 1.02947219 1.02937691 1.02933202]
2025-01-16 10:54:27,299 - INFO: Actual Values (Last 5): [1.02889004 1.02867994 1.02888002 1.02868996 1.02822009]
2025-01-16 10:54:28,003 - INFO: Модель навчилася. Загальний час: 23.22 хвилин
2025-01-16 18:41:28,353 - INFO: Початок початкового навчання моделі
2025-01-16 18:46:51,277 - INFO: Початок початкового навчання моделі
2025-01-16 19:01:26,645 - INFO: Початкове навчання завершено. Час: 14.59 хвилин
2025-01-16 19:01:57,125 - INFO: Метрики оцінки моделі:
2025-01-16 19:01:57,125 - INFO: RMSE: 0.001479
2025-01-16 19:01:57,125 - INFO: MAE: 0.001029
2025-01-16 19:01:57,126 - INFO: MAPE: 0.090505%
2025-01-16 19:02:02,140 - INFO: Початок донавчання моделі
2025-01-16 19:14:59,388 - INFO: Фінальна помилка після донавчання: 0.000012
2025-01-16 19:14:59,388 - INFO: Донавчання завершено. Час: 12.95 хвилин
2025-01-16 19:15:28,253 - INFO: Метрики оцінки моделі:
2025-01-16 19:15:28,253 - INFO: RMSE: 0.001932
2025-01-16 19:15:28,253 - INFO: MAE: 0.001626
2025-01-16 19:15:28,253 - INFO: MAPE: 0.143735%
2025-01-16 19:15:28,258 - INFO: Порівняння метрик до і після донавчання:
2025-01-16 19:15:28,259 - INFO: Initial RMSE: 0.001479 -> New RMSE: 0.001932
2025-01-16 19:15:28,259 - INFO: Initial MAE: 0.001029 -> New MAE: 0.001626
2025-01-16 19:15:28,259 - INFO: Initial MAPE: 0.090505% -> New MAPE: 0.143735%
2025-01-16 19:17:36,479 - INFO: Початок початкового навчання моделі
2025-01-16 19:18:38,760 - INFO: Модель почала навчатися
2025-01-16 19:34:19,020 - INFO: RMSE: 0.001236
2025-01-16 19:34:19,020 - INFO: MAE: 0.000807
2025-01-16 19:34:19,020 - INFO: MAPE: 0.075590%
2025-01-16 19:34:19,020 - INFO: Test Predictions (Last 5): [1.0288072  1.029503   1.02987454 1.02932476 1.02895891]
2025-01-16 19:34:19,021 - INFO: Actual Values (Last 5): [1.02973993 1.02959006 1.0286     1.02852996 1.02901007]
2025-01-16 19:34:19,411 - INFO: Модель навчилася. Загальний час: 15.68 хвилин
